<?xml version="1.0" encoding="utf-8"?><testsuites name="pytest tests"><testsuite name="pytest" errors="0" failures="0" skipped="0" tests="25" time="25.804" timestamp="2025-07-24T17:02:53.065277-04:00" hostname="BlemisMac.local"><testcase classname="tests.test_basic_commands.TestBasicCommands" name="test_help_command" time="0.217" /><testcase classname="tests.test_basic_commands.TestBasicCommands" name="test_version_command" time="0.164" /><testcase classname="tests.test_basic_commands.TestBasicCommands" name="test_basic_info_commands[list]" time="1.763" /><testcase classname="tests.test_basic_commands.TestBasicCommands" name="test_basic_info_commands[list --scope user]" time="1.509" /><testcase classname="tests.test_basic_commands.TestBasicCommands" name="test_basic_info_commands[list --scope project]" time="1.505" /><testcase classname="tests.test_basic_commands.TestBasicCommands" name="test_basic_info_commands[status]" time="2.906" /><testcase classname="tests.test_basic_commands.TestBasicCommands" name="test_basic_info_commands[system-info]" time="2.954" /><testcase classname="tests.test_basic_commands.TestBasicCommands" name="test_command_help_subcommands" time="0.860" /><testcase classname="tests.test_basic_commands.TestBasicCommands" name="test_invalid_command_handling" time="0.169" /><testcase classname="tests.test_basic_commands.TestBasicCommands" name="test_missing_arguments_handling" time="0.665" /><testcase classname="tests.test_basic_commands.TestDiscoveryCommands" name="test_basic_discover" time="0.604" /><testcase classname="tests.test_basic_commands.TestDiscoveryCommands" name="test_discover_with_query[filesystem]" time="0.617" /><testcase classname="tests.test_basic_commands.TestDiscoveryCommands" name="test_discover_with_query[sqlite]" time="0.613" /><testcase classname="tests.test_basic_commands.TestDiscoveryCommands" name="test_discover_with_query[test]" time="0.625" /><testcase classname="tests.test_basic_commands.TestDiscoveryCommands" name="test_discover_with_type_filter[npm]" time="0.505" /><testcase classname="tests.test_basic_commands.TestDiscoveryCommands" name="test_discover_with_type_filter[docker]" time="0.380" /><testcase classname="tests.test_basic_commands.TestDiscoveryCommands" name="test_discover_with_type_filter[docker-desktop]" time="0.249" /><testcase classname="tests.test_basic_commands.TestDiscoveryCommands" name="test_discover_with_limit[1]" time="0.544" /><testcase classname="tests.test_basic_commands.TestDiscoveryCommands" name="test_discover_with_limit[5]" time="0.600" /><testcase classname="tests.test_basic_commands.TestDiscoveryCommands" name="test_discover_with_limit[10]" time="1.045" /><testcase classname="tests.test_basic_commands.TestDiscoveryCommands" name="test_discover_update_catalog" time="0.617" /><testcase classname="tests.test_basic_commands.TestDiscoveryCommands" name="test_discover_combined_options" time="0.677" /><testcase classname="tests.test_basic_commands.TestSystemInformation" name="test_system_info_command" time="2.911" /><testcase classname="tests.test_basic_commands.TestSystemInformation" name="test_status_command" time="2.901" /><testcase classname="tests.test_basic_commands.TestSystemInformation" name="test_monitor_status_command" time="0.180" /></testsuite></testsuites>