<?xml version="1.0" encoding="utf-8"?><testsuites name="pytest tests"><testsuite name="pytest" errors="0" failures="0" skipped="0" tests="25" time="18.019" timestamp="2025-07-24T17:31:29.283453-04:00" hostname="BlemisMac.local"><testcase classname="tests.test_basic_commands.TestBasicCommands" name="test_help_command" time="0.164" /><testcase classname="tests.test_basic_commands.TestBasicCommands" name="test_version_command" time="0.165" /><testcase classname="tests.test_basic_commands.TestBasicCommands" name="test_basic_info_commands[list]" time="0.919" /><testcase classname="tests.test_basic_commands.TestBasicCommands" name="test_basic_info_commands[list --scope user]" time="0.914" /><testcase classname="tests.test_basic_commands.TestBasicCommands" name="test_basic_info_commands[list --scope project]" time="0.921" /><testcase classname="tests.test_basic_commands.TestBasicCommands" name="test_basic_info_commands[status]" time="1.693" /><testcase classname="tests.test_basic_commands.TestBasicCommands" name="test_basic_info_commands[system-info]" time="1.681" /><testcase classname="tests.test_basic_commands.TestBasicCommands" name="test_command_help_subcommands" time="0.803" /><testcase classname="tests.test_basic_commands.TestBasicCommands" name="test_invalid_command_handling" time="0.163" /><testcase classname="tests.test_basic_commands.TestBasicCommands" name="test_missing_arguments_handling" time="0.645" /><testcase classname="tests.test_basic_commands.TestDiscoveryCommands" name="test_basic_discover" time="0.569" /><testcase classname="tests.test_basic_commands.TestDiscoveryCommands" name="test_discover_with_query[filesystem]" time="0.755" /><testcase classname="tests.test_basic_commands.TestDiscoveryCommands" name="test_discover_with_query[sqlite]" time="0.740" /><testcase classname="tests.test_basic_commands.TestDiscoveryCommands" name="test_discover_with_query[test]" time="0.687" /><testcase classname="tests.test_basic_commands.TestDiscoveryCommands" name="test_discover_with_type_filter[npm]" time="0.443" /><testcase classname="tests.test_basic_commands.TestDiscoveryCommands" name="test_discover_with_type_filter[docker]" time="0.355" /><testcase classname="tests.test_basic_commands.TestDiscoveryCommands" name="test_discover_with_type_filter[docker-desktop]" time="0.248" /><testcase classname="tests.test_basic_commands.TestDiscoveryCommands" name="test_discover_with_limit[1]" time="0.376" /><testcase classname="tests.test_basic_commands.TestDiscoveryCommands" name="test_discover_with_limit[5]" time="0.548" /><testcase classname="tests.test_basic_commands.TestDiscoveryCommands" name="test_discover_with_limit[10]" time="0.646" /><testcase classname="tests.test_basic_commands.TestDiscoveryCommands" name="test_discover_update_catalog" time="0.606" /><testcase classname="tests.test_basic_commands.TestDiscoveryCommands" name="test_discover_combined_options" time="0.408" /><testcase classname="tests.test_basic_commands.TestSystemInformation" name="test_system_info_command" time="1.689" /><testcase classname="tests.test_basic_commands.TestSystemInformation" name="test_status_command" time="1.695" /><testcase classname="tests.test_basic_commands.TestSystemInformation" name="test_monitor_status_command" time="0.166" /></testsuite></testsuites>