<?xml version="1.0" encoding="utf-8"?><testsuites name="pytest tests"><testsuite name="pytest" errors="0" failures="0" skipped="0" tests="25" time="24.778" timestamp="2025-07-25T09:52:50.226687-04:00" hostname="BlemisMac.local"><testcase classname="tests.test_basic_commands.TestBasicCommands" name="test_help_command" time="0.486" /><testcase classname="tests.test_basic_commands.TestBasicCommands" name="test_version_command" time="0.483" /><testcase classname="tests.test_basic_commands.TestBasicCommands" name="test_basic_info_commands[list]" time="1.211" /><testcase classname="tests.test_basic_commands.TestBasicCommands" name="test_basic_info_commands[list --scope user]" time="1.211" /><testcase classname="tests.test_basic_commands.TestBasicCommands" name="test_basic_info_commands[list --scope project]" time="1.215" /><testcase classname="tests.test_basic_commands.TestBasicCommands" name="test_basic_info_commands[status]" time="1.965" /><testcase classname="tests.test_basic_commands.TestBasicCommands" name="test_basic_info_commands[system-info]" time="1.959" /><testcase classname="tests.test_basic_commands.TestBasicCommands" name="test_command_help_subcommands" time="1.136" /><testcase classname="tests.test_basic_commands.TestBasicCommands" name="test_invalid_command_handling" time="0.485" /><testcase classname="tests.test_basic_commands.TestBasicCommands" name="test_missing_arguments_handling" time="0.974" /><testcase classname="tests.test_basic_commands.TestDiscoveryCommands" name="test_basic_discover" time="0.793" /><testcase classname="tests.test_basic_commands.TestDiscoveryCommands" name="test_discover_with_query[filesystem]" time="0.770" /><testcase classname="tests.test_basic_commands.TestDiscoveryCommands" name="test_discover_with_query[sqlite]" time="0.777" /><testcase classname="tests.test_basic_commands.TestDiscoveryCommands" name="test_discover_with_query[test]" time="0.934" /><testcase classname="tests.test_basic_commands.TestDiscoveryCommands" name="test_discover_with_type_filter[npm]" time="0.986" /><testcase classname="tests.test_basic_commands.TestDiscoveryCommands" name="test_discover_with_type_filter[docker]" time="0.688" /><testcase classname="tests.test_basic_commands.TestDiscoveryCommands" name="test_discover_with_type_filter[docker-desktop]" time="0.569" /><testcase classname="tests.test_basic_commands.TestDiscoveryCommands" name="test_discover_with_limit[1]" time="0.716" /><testcase classname="tests.test_basic_commands.TestDiscoveryCommands" name="test_discover_with_limit[5]" time="0.763" /><testcase classname="tests.test_basic_commands.TestDiscoveryCommands" name="test_discover_with_limit[10]" time="0.768" /><testcase classname="tests.test_basic_commands.TestDiscoveryCommands" name="test_discover_update_catalog" time="0.851" /><testcase classname="tests.test_basic_commands.TestDiscoveryCommands" name="test_discover_combined_options" time="0.583" /><testcase classname="tests.test_basic_commands.TestSystemInformation" name="test_system_info_command" time="1.963" /><testcase classname="tests.test_basic_commands.TestSystemInformation" name="test_status_command" time="1.973" /><testcase classname="tests.test_basic_commands.TestSystemInformation" name="test_monitor_status_command" time="0.494" /></testsuite></testsuites>