<?xml version="1.0" encoding="utf-8"?><testsuites name="pytest tests"><testsuite name="pytest" errors="0" failures="0" skipped="0" tests="3" time="3.286" timestamp="2025-07-24T17:33:53.087927-04:00" hostname="BlemisMac.local"><testcase classname="tests.test_error_handling.TestRegressionScenarios" name="test_suite_installation_regression" time="0.527" /><testcase classname="tests.test_error_handling.TestRegressionScenarios" name="test_command_help_consistency" time="1.661" /><testcase classname="tests.test_error_handling.TestRegressionScenarios" name="test_error_message_quality" time="1.055" /></testsuite></testsuites>