<?xml version="1.0" encoding="utf-8"?><testsuites name="pytest tests"><testsuite name="pytest" errors="2" failures="0" skipped="0" tests="25" time="45.114" timestamp="2025-07-25T09:57:57.013526-04:00" hostname="BlemisMac.local"><testcase classname="tests.test_server_management.TestServerAddition" name="test_add_server_by_type[npm-npx @test/server-args0]" time="2.202" /><testcase classname="tests.test_server_management.TestServerAddition" name="test_add_server_by_type[docker-docker run test/server-args1]" time="2.197" /><testcase classname="tests.test_server_management.TestServerAddition" name="test_add_server_by_type[custom-python test_server.py-args2]" time="2.191" /><testcase classname="tests.test_server_management.TestServerAddition" name="test_add_server_minimal_args" time="1.254" /><testcase classname="tests.test_server_management.TestServerAddition" name="test_add_server_duplicate_name" time="2.205" /><testcase classname="tests.test_server_management.TestServerAddition" name="test_add_server_invalid_type" time="0.508" /><testcase classname="tests.test_server_management.TestServerAddition" name="test_add_server_missing_command" time="0.876" /><testcase classname="tests.test_server_management.TestServerRemoval" name="test_remove_existing_server" time="3.150" /><testcase classname="tests.test_server_management.TestServerRemoval" name="test_remove_nonexistent_server" time="1.271" /><testcase classname="tests.test_server_management.TestServerRemoval" name="test_remove_with_confirmation" time="2.191" /><testcase classname="tests.test_server_management.TestServerListing" name="test_list_empty_servers" time="1.245" /><testcase classname="tests.test_server_management.TestServerListing" name="test_list_with_servers" time="4.069" /><testcase classname="tests.test_server_management.TestServerListing" name="test_list_with_scope[user]" time="1.257" /><testcase classname="tests.test_server_management.TestServerListing" name="test_list_with_scope[project]" time="1.258" /><testcase classname="tests.test_server_management.TestServerListing" name="test_list_with_filters" time="3.644" /><testcase classname="tests.test_server_management.TestServerEnableDisable" name="test_enable_server" time="2.199" /><testcase classname="tests.test_server_management.TestServerEnableDisable" name="test_disable_server" time="2.190" /><testcase classname="tests.test_server_management.TestServerEnableDisable" name="test_enable_disable_nonexistent" time="2.201" /><testcase classname="tests.test_server_management.TestPackageInstallation" name="test_install_package_basic" time="0.727" /><testcase classname="tests.test_server_management.TestPackageInstallation" name="test_install_nonexistent_package" time="0.919" /><testcase classname="tests.test_server_management.TestServerValidation" name="test_add_server_empty_name" time="0.882" /><testcase classname="tests.test_server_management.TestServerValidation" name="test_add_server_empty_command" time="0.876" /><testcase classname="tests.test_server_management.TestServerValidation" name="test_add_server_invalid_characters" time="3.304" /><testcase classname="tests.test_server_management.TestServerLifecycle" name="test_complete_server_lifecycle" time="1.165"><error message="failed on setup with &quot;ImportError: cannot import name 'SimpleManager' from 'mcp_manager.core.simple_manager' (/Users/jestes/mcp-manager/src/mcp_manager/core/simple_manager.py)&quot;">tests/test_server_management.py:343: in setup_suite_loader
    from tests.fixtures.suite_loader import SuiteLoader
tests/fixtures/suite_loader.py:11: in &lt;module&gt;
    from mcp_manager.core.simple_manager import SimpleManager
E   ImportError: cannot import name 'SimpleManager' from 'mcp_manager.core.simple_manager' (/Users/jestes/mcp-manager/src/mcp_manager/core/simple_manager.py)</error></testcase><testcase classname="tests.test_server_management.TestServerLifecycle" name="test_bulk_server_operations" time="1.091"><error message="failed on setup with &quot;ImportError: cannot import name 'SimpleManager' from 'mcp_manager.core.simple_manager' (/Users/jestes/mcp-manager/src/mcp_manager/core/simple_manager.py)&quot;">tests/test_server_management.py:343: in setup_suite_loader
    from tests.fixtures.suite_loader import SuiteLoader
tests/fixtures/suite_loader.py:11: in &lt;module&gt;
    from mcp_manager.core.simple_manager import SimpleManager
E   ImportError: cannot import name 'SimpleManager' from 'mcp_manager.core.simple_manager' (/Users/jestes/mcp-manager/src/mcp_manager/core/simple_manager.py)</error></testcase></testsuite></testsuites>