<?xml version="1.0" encoding="utf-8"?><testsuites name="pytest tests"><testsuite name="pytest" errors="0" failures="0" skipped="0" tests="4" time="2.289" timestamp="2025-07-24T16:56:01.930887-04:00" hostname="BlemisMac.local"><testcase classname="tests.test_basic_commands.TestSmokeTests" name="test_application_starts" time="0.221" /><testcase classname="tests.test_basic_commands.TestSmokeTests" name="test_core_commands_available" time="0.166" /><testcase classname="tests.test_basic_commands.TestSmokeTests" name="test_error_handling_works" time="0.163" /><testcase classname="tests.test_basic_commands.TestSmokeTests" name="test_list_command_baseline" time="1.725" /></testsuite></testsuites>