<?xml version="1.0" encoding="utf-8"?><testsuites name="pytest tests"><testsuite name="pytest" errors="0" failures="0" skipped="0" tests="4" time="2.691" timestamp="2025-07-25T09:52:40.852559-04:00" hostname="BlemisMac.local"><testcase classname="tests.test_basic_commands.TestSmokeTests" name="test_application_starts" time="0.485" /><testcase classname="tests.test_basic_commands.TestSmokeTests" name="test_core_commands_available" time="0.486" /><testcase classname="tests.test_basic_commands.TestSmokeTests" name="test_error_handling_works" time="0.490" /><testcase classname="tests.test_basic_commands.TestSmokeTests" name="test_list_command_baseline" time="1.219" /></testsuite></testsuites>